Determining if the pthread_create exist failed with the following output:
Change Dir: /home/sara/Documents/upredictor/uPredictor/UBCColorTrackCUDA/CMakeFiles/CMakeTmp

Run Build Command:"/usr/bin/make" "cmTC_80b20/fast"
make[1]: Entering directory '/home/sara/Documents/upredictor/uPredictor/UBCColorTrackCUDA/CMakeFiles/CMakeTmp'
/usr/bin/make -f CMakeFiles/cmTC_80b20.dir/build.make CMakeFiles/cmTC_80b20.dir/build
make[2]: Entering directory '/home/sara/Documents/upredictor/uPredictor/UBCColorTrackCUDA/CMakeFiles/CMakeTmp'
Building C object CMakeFiles/cmTC_80b20.dir/CheckSymbolExists.c.o
/usr/bin/cc    -fPIC    -o CMakeFiles/cmTC_80b20.dir/CheckSymbolExists.c.o   -c /home/sara/Documents/upredictor/uPredictor/UBCColorTrackCUDA/CMakeFiles/CMakeTmp/CheckSymbolExists.c
Linking C executable cmTC_80b20
/usr/bin/cmake -E cmake_link_script CMakeFiles/cmTC_80b20.dir/link.txt --verbose=1
/usr/bin/cc  -fPIC     CMakeFiles/cmTC_80b20.dir/CheckSymbolExists.c.o  -o cmTC_80b20 
CMakeFiles/cmTC_80b20.dir/CheckSymbolExists.c.o: In function `main':
CheckSymbolExists.c:(.text+0x1b): undefined reference to `pthread_create'
collect2: error: ld returned 1 exit status
CMakeFiles/cmTC_80b20.dir/build.make:97: recipe for target 'cmTC_80b20' failed
make[2]: *** [cmTC_80b20] Error 1
make[2]: Leaving directory '/home/sara/Documents/upredictor/uPredictor/UBCColorTrackCUDA/CMakeFiles/CMakeTmp'
Makefile:126: recipe for target 'cmTC_80b20/fast' failed
make[1]: *** [cmTC_80b20/fast] Error 2
make[1]: Leaving directory '/home/sara/Documents/upredictor/uPredictor/UBCColorTrackCUDA/CMakeFiles/CMakeTmp'

File /home/sara/Documents/upredictor/uPredictor/UBCColorTrackCUDA/CMakeFiles/CMakeTmp/CheckSymbolExists.c:
/* */
#include <pthread.h>

int main(int argc, char** argv)
{
  (void)argv;
#ifndef pthread_create
  return ((int*)(&pthread_create))[argc];
#else
  (void)argc;
  return 0;
#endif
}

Determining if the function pthread_create exists in the pthreads failed with the following output:
Change Dir: /home/sara/Documents/upredictor/uPredictor/UBCColorTrackCUDA/CMakeFiles/CMakeTmp

Run Build Command:"/usr/bin/make" "cmTC_18fa1/fast"
make[1]: Entering directory '/home/sara/Documents/upredictor/uPredictor/UBCColorTrackCUDA/CMakeFiles/CMakeTmp'
/usr/bin/make -f CMakeFiles/cmTC_18fa1.dir/build.make CMakeFiles/cmTC_18fa1.dir/build
make[2]: Entering directory '/home/sara/Documents/upredictor/uPredictor/UBCColorTrackCUDA/CMakeFiles/CMakeTmp'
Building C object CMakeFiles/cmTC_18fa1.dir/CheckFunctionExists.c.o
/usr/bin/cc    -fPIC -DCHECK_FUNCTION_EXISTS=pthread_create   -o CMakeFiles/cmTC_18fa1.dir/CheckFunctionExists.c.o   -c /usr/share/cmake-3.5/Modules/CheckFunctionExists.c
Linking C executable cmTC_18fa1
/usr/bin/cmake -E cmake_link_script CMakeFiles/cmTC_18fa1.dir/link.txt --verbose=1
/usr/bin/cc  -fPIC -DCHECK_FUNCTION_EXISTS=pthread_create    CMakeFiles/cmTC_18fa1.dir/CheckFunctionExists.c.o  -o cmTC_18fa1 -lpthreads 
/usr/bin/ld: cannot find -lpthreads
collect2: error: ld returned 1 exit status
CMakeFiles/cmTC_18fa1.dir/build.make:97: recipe for target 'cmTC_18fa1' failed
make[2]: *** [cmTC_18fa1] Error 1
make[2]: Leaving directory '/home/sara/Documents/upredictor/uPredictor/UBCColorTrackCUDA/CMakeFiles/CMakeTmp'
Makefile:126: recipe for target 'cmTC_18fa1/fast' failed
make[1]: *** [cmTC_18fa1/fast] Error 2
make[1]: Leaving directory '/home/sara/Documents/upredictor/uPredictor/UBCColorTrackCUDA/CMakeFiles/CMakeTmp'


