Determining if the pthread_create exist failed with the following output:
Change Dir: /home/sara/Dropbox/Reaching Study/ReachPredictor/ReachPredictor/upredictor/uPredictor/UBCTrackerCUDA/CMakeFiles/CMakeTmp

Run Build Command:"/usr/bin/make" "cmTC_9a4cf/fast"
/usr/bin/make -f CMakeFiles/cmTC_9a4cf.dir/build.make CMakeFiles/cmTC_9a4cf.dir/build
make[1]: Entering directory '/home/sara/Dropbox/Reaching Study/ReachPredictor/ReachPredictor/upredictor/uPredictor/UBCTrackerCUDA/CMakeFiles/CMakeTmp'
Building C object CMakeFiles/cmTC_9a4cf.dir/CheckSymbolExists.c.o
/usr/bin/cc    -fPIC    -o CMakeFiles/cmTC_9a4cf.dir/CheckSymbolExists.c.o   -c "/home/sara/Dropbox/Reaching Study/ReachPredictor/ReachPredictor/upredictor/uPredictor/UBCTrackerCUDA/CMakeFiles/CMakeTmp/CheckSymbolExists.c"
Linking C executable cmTC_9a4cf
/usr/bin/cmake -E cmake_link_script CMakeFiles/cmTC_9a4cf.dir/link.txt --verbose=1
/usr/bin/cc  -fPIC     CMakeFiles/cmTC_9a4cf.dir/CheckSymbolExists.c.o  -o cmTC_9a4cf 
CMakeFiles/cmTC_9a4cf.dir/CheckSymbolExists.c.o: In function `main':
CheckSymbolExists.c:(.text+0x1b): undefined reference to `pthread_create'
collect2: error: ld returned 1 exit status
CMakeFiles/cmTC_9a4cf.dir/build.make:97: recipe for target 'cmTC_9a4cf' failed
make[1]: *** [cmTC_9a4cf] Error 1
make[1]: Leaving directory '/home/sara/Dropbox/Reaching Study/ReachPredictor/ReachPredictor/upredictor/uPredictor/UBCTrackerCUDA/CMakeFiles/CMakeTmp'
Makefile:126: recipe for target 'cmTC_9a4cf/fast' failed
make: *** [cmTC_9a4cf/fast] Error 2

File /home/sara/Dropbox/Reaching Study/ReachPredictor/ReachPredictor/upredictor/uPredictor/UBCTrackerCUDA/CMakeFiles/CMakeTmp/CheckSymbolExists.c:
/* */
#include <pthread.h>

int main(int argc, char** argv)
{
  (void)argv;
#ifndef pthread_create
  return ((int*)(&pthread_create))[argc];
#else
  (void)argc;
  return 0;
#endif
}

Determining if the function pthread_create exists in the pthreads failed with the following output:
Change Dir: /home/sara/Dropbox/Reaching Study/ReachPredictor/ReachPredictor/upredictor/uPredictor/UBCTrackerCUDA/CMakeFiles/CMakeTmp

Run Build Command:"/usr/bin/make" "cmTC_7acde/fast"
/usr/bin/make -f CMakeFiles/cmTC_7acde.dir/build.make CMakeFiles/cmTC_7acde.dir/build
make[1]: Entering directory '/home/sara/Dropbox/Reaching Study/ReachPredictor/ReachPredictor/upredictor/uPredictor/UBCTrackerCUDA/CMakeFiles/CMakeTmp'
Building C object CMakeFiles/cmTC_7acde.dir/CheckFunctionExists.c.o
/usr/bin/cc    -fPIC -DCHECK_FUNCTION_EXISTS=pthread_create   -o CMakeFiles/cmTC_7acde.dir/CheckFunctionExists.c.o   -c /usr/share/cmake-3.5/Modules/CheckFunctionExists.c
Linking C executable cmTC_7acde
/usr/bin/cmake -E cmake_link_script CMakeFiles/cmTC_7acde.dir/link.txt --verbose=1
/usr/bin/cc  -fPIC -DCHECK_FUNCTION_EXISTS=pthread_create    CMakeFiles/cmTC_7acde.dir/CheckFunctionExists.c.o  -o cmTC_7acde -lpthreads 
/usr/bin/ld: cannot find -lpthreads
collect2: error: ld returned 1 exit status
CMakeFiles/cmTC_7acde.dir/build.make:97: recipe for target 'cmTC_7acde' failed
make[1]: *** [cmTC_7acde] Error 1
make[1]: Leaving directory '/home/sara/Dropbox/Reaching Study/ReachPredictor/ReachPredictor/upredictor/uPredictor/UBCTrackerCUDA/CMakeFiles/CMakeTmp'
Makefile:126: recipe for target 'cmTC_7acde/fast' failed
make: *** [cmTC_7acde/fast] Error 2


